<?xml version="1.0" encoding="UTF-8"?>
<testng-results skipped="0" failed="0" total="1" passed="1">
  <reporter-output>
  </reporter-output>
  <suite name="Suite" duration-ms="7016" started-at="2016-01-30T10:28:16Z" finished-at="2016-01-30T10:28:23Z">
    <groups>
    </groups>
    <test name="Test" duration-ms="7016" started-at="2016-01-30T10:28:16Z" finished-at="2016-01-30T10:28:23Z">
      <class name="SeleniumTest1.Test1Class">
        <test-method status="PASS" signature="setUp()[pri:0, instance:SeleniumTest1.Test1Class@5594a1b5]" name="setUp" is-config="true" duration-ms="4884" started-at="2016-01-30T15:58:16Z" finished-at="2016-01-30T15:58:21Z">
          <reporter-output>
          </reporter-output>
        </test-method> <!-- setUp -->
        <test-method status="PASS" signature="testGooglePageTitleInIEBrowser()[pri:0, instance:SeleniumTest1.Test1Class@5594a1b5]" name="testGooglePageTitleInIEBrowser" duration-ms="1326" started-at="2016-01-30T15:58:21Z" finished-at="2016-01-30T15:58:22Z">
          <reporter-output>
          </reporter-output>
        </test-method> <!-- testGooglePageTitleInIEBrowser -->
        <test-method status="PASS" signature="tearDown()[pri:0, instance:SeleniumTest1.Test1Class@5594a1b5]" name="tearDown" is-config="true" duration-ms="793" started-at="2016-01-30T15:58:22Z" finished-at="2016-01-30T15:58:23Z">
          <reporter-output>
          </reporter-output>
        </test-method> <!-- tearDown -->
      </class> <!-- SeleniumTest1.Test1Class -->
    </test> <!-- Test -->
  </suite> <!-- Suite -->
</testng-results>
