<?xml version="1.0" encoding="UTF-8"?>
<testng-results skipped="0" failed="0" total="1" passed="1">
  <reporter-output>
  </reporter-output>
  <suite name="Suite" duration-ms="6203" started-at="2016-01-29T19:23:35Z" finished-at="2016-01-29T19:23:41Z">
    <groups>
    </groups>
    <test name="Test" duration-ms="6203" started-at="2016-01-29T19:23:35Z" finished-at="2016-01-29T19:23:41Z">
      <class name="SeleniumTest1.Test1Class">
        <test-method status="PASS" signature="setUp()[pri:0, instance:SeleniumTest1.Test1Class@5ba23b66]" name="setUp" is-config="true" duration-ms="2727" started-at="2016-01-30T00:53:35Z" finished-at="2016-01-30T00:53:37Z">
          <reporter-output>
          </reporter-output>
        </test-method> <!-- setUp -->
        <test-method status="PASS" signature="testGooglePageTitleInIEBrowser()[pri:0, instance:SeleniumTest1.Test1Class@5ba23b66]" name="testGooglePageTitleInIEBrowser" duration-ms="2667" started-at="2016-01-30T00:53:37Z" finished-at="2016-01-30T00:53:40Z">
          <reporter-output>
          </reporter-output>
        </test-method> <!-- testGooglePageTitleInIEBrowser -->
        <test-method status="PASS" signature="tearDown()[pri:0, instance:SeleniumTest1.Test1Class@5ba23b66]" name="tearDown" is-config="true" duration-ms="795" started-at="2016-01-30T00:53:40Z" finished-at="2016-01-30T00:53:41Z">
          <reporter-output>
          </reporter-output>
        </test-method> <!-- tearDown -->
      </class> <!-- SeleniumTest1.Test1Class -->
    </test> <!-- Test -->
  </suite> <!-- Suite -->
</testng-results>
